<?xml version="1.0" encoding="UTF-8"?>
<!-- Generated by org.testng.reporters.JUnitReportReporter -->
<testsuite hostname="DESKTOP-EL432GL" failures="0" tests="1" name="Home.testcases.flipkart.Home" time="29.114" errors="0" timestamp="2022-04-30T15:05:32 IST" skipped="0">
  <testcase classname="Home.testcases.flipkart.Home" name="Language_choosen" time="29.114"/>
  <system-out/>
</testsuite> <!-- Home.testcases.flipkart.Home -->
