<?xml version="1.0" encoding="UTF-8"?>
<!-- Generated by org.testng.reporters.JUnitReportReporter -->
<testsuite hostname="DESKTOP-EL432GL" failures="0" tests="1" name="HomePageLandin.HomeLandinPage" time="0.009" errors="0" timestamp="2022-05-02T12:00:26 IST" skipped="0">
  <testcase classname="HomePageLandin.HomeLandinPage" name="homebar" time="0.009"/>
  <system-out/>
</testsuite> <!-- HomePageLandin.HomeLandinPage -->
