<?xml version="1.0" encoding="UTF-8"?>
<!-- Generated by org.testng.reporters.JUnitReportReporter -->
<testsuite hostname="DESKTOP-EL432GL" failures="0" tests="2" name="testcases.FlipkartLogin" time="213.538" errors="0" timestamp="2022-05-02T14:26:00 IST" skipped="0">
  <testcase classname="testcases.FlipkartLogin" name="loginTest" time="32.089"/>
  <system-out/>
  <testcase classname="testcases.FlipkartLogin" name="common_Bar_Test_Screens" time="181.449"/>
  <system-out/>
</testsuite> <!-- testcases.FlipkartLogin -->
