<?xml version="1.0" encoding="UTF-8"?>
<!-- Generated by org.testng.reporters.JUnitReportReporter -->
<testsuite hostname="DESKTOP-EL432GL" failures="0" tests="3" name="testCases.HomeScreen" time="60.155" errors="0" timestamp="2022-04-14T15:57:36 IST" skipped="0">
  <testcase classname="testCases.HomeScreen" name="location" time="30.689"/>
  <system-out/>
  <testcase classname="testCases.HomeScreen" name="AddrressVerficationAtTop" time="6.418"/>
  <system-out/>
  <testcase classname="testCases.HomeScreen" name="Navigation1" time="23.048"/>
  <system-out/>
</testsuite> <!-- testCases.HomeScreen -->
